#
# There is insufficient memory for the Java Runtime Environment to continue.
# Native memory allocation (malloc) failed to allocate 472096 bytes for Chunk::new
# Possible reasons:
#   The system is out of physical RAM or swap space
#   In 32 bit mode, the process size limit was hit
# Possible solutions:
#   Reduce memory load on the system
#   Increase physical memory or swap space
#   Check if swap backing store is full
#   Use 64 bit Java on a 64 bit OS
#   Decrease Java heap size (-Xmx/-Xms)
#   Decrease number of Java threads
#   Decrease Java thread stack sizes (-Xss)
#   Set larger code cache with -XX:ReservedCodeCacheSize=
# This output file may be truncated or incomplete.
#
#  Out of Memory Error (allocation.cpp:390), pid=16188, tid=0x00000000000028c0
#
# JRE version: OpenJDK Runtime Environment (8.0_112-b06) (build 1.8.0_112-release-b06)
# Java VM: OpenJDK 64-Bit Server VM (25.112-b06 mixed mode windows-amd64 compressed oops)
# Failed to write core dump. Minidumps are not enabled by default on client versions of Windows
#

---------------  T H R E A D  ---------------

Current thread (0x0000000017d8e000):  JavaThread "C2 CompilerThread1" daemon [_thread_in_native, id=10432, stack(0x0000000019600000,0x0000000019700000)]

Stack: [0x0000000019600000,0x0000000019700000]
[error occurred during error reporting (printing stack bounds), id 0xc0000005]

Native frames: (J=compiled Java code, j=interpreted, Vv=VM code, C=native code)


Current CompileTask:
C2:  21406 5295       4       com.sun.beans.TypeResolver::resolve (37 bytes)


---------------  P R O C E S S  ---------------

Java Threads: ( => current thread )
  0x000000001c01c000 JavaThread "File lock request listener" [_thread_in_native, id=9212, stack(0x000000001ece0000,0x000000001ede0000)]
  0x000000001b2d0800 JavaThread "Stdin handler" [_thread_blocked, id=15612, stack(0x000000001d810000,0x000000001d910000)]
  0x000000001b2d0000 JavaThread "Asynchronous log dispatcher for DefaultDaemonConnection: socket connection from /127.0.0.1:56260 to /127.0.0.1:56261" [_thread_blocked, id=15564, stack(0x000000001d710000,0x000000001d810000)]
  0x000000001ac68800 JavaThread "Daemon worker" [_thread_in_vm, id=15508, stack(0x000000001d610000,0x000000001d710000)]
  0x000000001ac64000 JavaThread "Cancel handler" [_thread_blocked, id=15572, stack(0x000000001d510000,0x000000001d610000)]
  0x000000001b2d7000 JavaThread "pool-1-thread-1" [_thread_blocked, id=15516, stack(0x000000001d410000,0x000000001d510000)]
  0x000000001acc7000 JavaThread "Handler for socket connection from /127.0.0.1:56260 to /127.0.0.1:56261" [_thread_in_native, id=15548, stack(0x000000001d310000,0x000000001d410000)]
  0x000000001acc2800 JavaThread "Daemon" [_thread_blocked, id=15556, stack(0x000000001d210000,0x000000001d310000)]
  0x000000001a9b3000 JavaThread "Incoming local TCP Connector on port 56260" [_thread_in_native, id=15484, stack(0x000000001b5d0000,0x000000001b6d0000)]
  0x0000000017de9800 JavaThread "Service Thread" daemon [_thread_blocked, id=9852, stack(0x0000000019c00000,0x0000000019d00000)]
  0x0000000017de6000 JavaThread "C1 CompilerThread2" daemon [_thread_blocked, id=3424, stack(0x0000000019b00000,0x0000000019c00000)]
=>0x0000000017d8e000 JavaThread "C2 CompilerThread1" daemon [_thread_in_native, id=10432, stack(0x0000000019600000,0x0000000019700000)]
  0x0000000017d8b000 JavaThread "C2 CompilerThread0" daemon [_thread_in_native, id=6472, stack(0x0000000019500000,0x0000000019600000)]
  0x0000000017d89800 JavaThread "Attach Listener" daemon [_thread_blocked, id=15048, stack(0x0000000019400000,0x0000000019500000)]
  0x0000000017d88800 JavaThread "Signal Dispatcher" daemon [_thread_blocked, id=4380, stack(0x0000000019300000,0x0000000019400000)]
  0x0000000017d78800 JavaThread "Finalizer" daemon [_thread_blocked, id=16368, stack(0x0000000018fe0000,0x00000000190e0000)]
  0x0000000004410000 JavaThread "Reference Handler" daemon [_thread_blocked, id=16364, stack(0x0000000018ee0000,0x0000000018fe0000)]
  0x0000000004320800 JavaThread "main" [_thread_blocked, id=16320, stack(0x0000000004160000,0x0000000004260000)]

Other Threads:
  0x0000000017d54800 VMThread [stack: 0x0000000018de0000,0x0000000018ee0000] [id=16356]
  0x0000000017deb800 WatcherThread [stack: 0x0000000019d00000,0x0000000019e00000] [id=9756]

VM state:not at safepoint (normal execution)

VM Mutex/Monitor currently owned by a thread: None

Heap:
 PSYoungGen      total 88576K, used 47429K [0x00000000e0000000, 0x00000000e7380000, 0x0000000100000000)
  eden space 77312K, 47% used [0x00000000e0000000,0x00000000e2393d90,0x00000000e4b80000)
  from space 11264K, 97% used [0x00000000e4b80000,0x00000000e563d6b8,0x00000000e5680000)
  to   space 12288K, 0% used [0x00000000e6780000,0x00000000e6780000,0x00000000e7380000)
 ParOldGen       total 105472K, used 15381K [0x00000000a0000000, 0x00000000a6700000, 0x00000000e0000000)
  object space 105472K, 14% used [0x00000000a0000000,0x00000000a0f054f8,0x00000000a6700000)
 Metaspace       used 45709K, capacity 46862K, committed 47232K, reserved 1089536K
  class space    used 6154K, capacity 6402K, committed 6528K, reserved 1048576K

Card table byte_map: [0x00000000137e0000,0x0000000013af0000] byte_map_base: 0x00000000132e0000

Marking Bits: (ParMarkBitMap*) 0x000000006c0418f0
 Begin Bits: [0x00000000140f0000, 0x00000000158f0000)
 End Bits:   [0x00000000158f0000, 0x00000000170f0000)

Polling page: 0x0000000002810000

CodeCache: size=245760Kb used=18049Kb max_used=18052Kb free=227710Kb
 bounds [0x0000000004420000, 0x00000000055e0000, 0x0000000013420000]
 total_blobs=5631 nmethods=4893 adapters=651
 compilation: enabled

Compilation events (10 events):
Event: 21.328 Thread 0x0000000017de6000 5368       3       org.gradle.api.internal.AsmBackedClassGenerator$ClassBuilderImpl::addGetter (20 bytes)
Event: 21.329 Thread 0x0000000017de6000 nmethod 5368 0x00000000055c7090 code [0x00000000055c7200, 0x00000000055c7478]
Event: 21.329 Thread 0x0000000017de6000 5369       3       java.lang.reflect.Constructor::getExceptionTypes (11 bytes)
Event: 21.330 Thread 0x0000000017de6000 nmethod 5369 0x00000000055c6b50 code [0x00000000055c6cc0, 0x00000000055c6fc8]
Event: 21.331 Thread 0x0000000017d8b000 nmethod 5352 0x00000000055d0cd0 code [0x00000000055d0e80, 0x00000000055d1470]
Event: 21.331 Thread 0x0000000017d8b000 5355       4       groovy.lang.MetaClassImpl::filterPropertyMethod (305 bytes)
Event: 21.332 Thread 0x0000000017de6000 5370       3       org.gradle.api.internal.file.CompositeFileCollection::<init> (5 bytes)
Event: 21.332 Thread 0x0000000017de6000 nmethod 5370 0x00000000055c66d0 code [0x00000000055c6840, 0x00000000055c6a50]
Event: 21.339 Thread 0x0000000017de6000 5371       3       sun.reflect.annotation.AnnotationParser::parseMemberValue (162 bytes)
Event: 21.341 Thread 0x0000000017de6000 nmethod 5371 0x00000000055cce50 code [0x00000000055cd120, 0x00000000055ce578]

GC Heap History (10 events):
Event: 13.750 GC heap before
{Heap before GC invocations=9 (full 1):
 PSYoungGen      total 55808K, used 51136K [0x00000000e0000000, 0x00000000e5200000, 0x0000000100000000)
  eden space 45568K, 100% used [0x00000000e0000000,0x00000000e2c80000,0x00000000e2c80000)
  from space 10240K, 54% used [0x00000000e2c80000,0x00000000e31f0040,0x00000000e3680000)
  to   space 9728K, 0% used [0x00000000e4880000,0x00000000e4880000,0x00000000e5200000)
 ParOldGen       total 67072K, used 9019K [0x00000000a0000000, 0x00000000a4180000, 0x00000000e0000000)
  object space 67072K, 13% used [0x00000000a0000000,0x00000000a08cedf8,0x00000000a4180000)
 Metaspace       used 32777K, capacity 33340K, committed 33536K, reserved 1079296K
  class space    used 4387K, capacity 4552K, committed 4608K, reserved 1048576K
Event: 13.775 GC heap after
Heap after GC invocations=9 (full 1):
 PSYoungGen      total 73216K, used 8926K [0x00000000e0000000, 0x00000000e5380000, 0x0000000100000000)
  eden space 63488K, 0% used [0x00000000e0000000,0x00000000e0000000,0x00000000e3e00000)
  from space 9728K, 91% used [0x00000000e4880000,0x00000000e51378c0,0x00000000e5200000)
  to   space 10752K, 0% used [0x00000000e3e00000,0x00000000e3e00000,0x00000000e4880000)
 ParOldGen       total 67072K, used 9091K [0x00000000a0000000, 0x00000000a4180000, 0x00000000e0000000)
  object space 67072K, 13% used [0x00000000a0000000,0x00000000a08e0e08,0x00000000a4180000)
 Metaspace       used 32777K, capacity 33340K, committed 33536K, reserved 1079296K
  class space    used 4387K, capacity 4552K, committed 4608K, reserved 1048576K
}
Event: 14.967 GC heap before
{Heap before GC invocations=10 (full 1):
 PSYoungGen      total 73216K, used 54461K [0x00000000e0000000, 0x00000000e5380000, 0x0000000100000000)
  eden space 63488K, 71% used [0x00000000e0000000,0x00000000e2c77db0,0x00000000e3e00000)
  from space 9728K, 91% used [0x00000000e4880000,0x00000000e51378c0,0x00000000e5200000)
  to   space 10752K, 0% used [0x00000000e3e00000,0x00000000e3e00000,0x00000000e4880000)
 ParOldGen       total 67072K, used 9091K [0x00000000a0000000, 0x00000000a4180000, 0x00000000e0000000)
  object space 67072K, 13% used [0x00000000a0000000,0x00000000a08e0e08,0x00000000a4180000)
 Metaspace       used 34822K, capacity 35366K, committed 35496K, reserved 1079296K
  class space    used 4658K, capacity 4819K, committed 4864K, reserved 1048576K
Event: 14.992 GC heap after
Heap after GC invocations=10 (full 1):
 PSYoungGen      total 74240K, used 9095K [0x00000000e0000000, 0x00000000e6480000, 0x0000000100000000)
  eden space 63488K, 0% used [0x00000000e0000000,0x00000000e0000000,0x00000000e3e00000)
  from space 10752K, 84% used [0x00000000e3e00000,0x00000000e46e1fd8,0x00000000e4880000)
  to   space 11264K, 0% used [0x00000000e5980000,0x00000000e5980000,0x00000000e6480000)
 ParOldGen       total 67072K, used 9099K [0x00000000a0000000, 0x00000000a4180000, 0x00000000e0000000)
  object space 67072K, 13% used [0x00000000a0000000,0x00000000a08e2e08,0x00000000a4180000)
 Metaspace       used 34822K, capacity 35366K, committed 35496K, reserved 1079296K
  class space    used 4658K, capacity 4819K, committed 4864K, reserved 1048576K
}
Event: 14.992 GC heap before
{Heap before GC invocations=11 (full 2):
 PSYoungGen      total 74240K, used 9095K [0x00000000e0000000, 0x00000000e6480000, 0x0000000100000000)
  eden space 63488K, 0% used [0x00000000e0000000,0x00000000e0000000,0x00000000e3e00000)
  from space 10752K, 84% used [0x00000000e3e00000,0x00000000e46e1fd8,0x00000000e4880000)
  to   space 11264K, 0% used [0x00000000e5980000,0x00000000e5980000,0x00000000e6480000)
 ParOldGen       total 67072K, used 9099K [0x00000000a0000000, 0x00000000a4180000, 0x00000000e0000000)
  object space 67072K, 13% used [0x00000000a0000000,0x00000000a08e2e08,0x00000000a4180000)
 Metaspace       used 34822K, capacity 35366K, committed 35496K, reserved 1079296K
  class space    used 4658K, capacity 4819K, committed 4864K, reserved 1048576K
Event: 15.225 GC heap after
Heap after GC invocations=11 (full 2):
 PSYoungGen      total 74240K, used 0K [0x00000000e0000000, 0x00000000e6480000, 0x0000000100000000)
  eden space 63488K, 0% used [0x00000000e0000000,0x00000000e0000000,0x00000000e3e00000)
  from space 10752K, 0% used [0x00000000e3e00000,0x00000000e3e00000,0x00000000e4880000)
  to   space 11264K, 0% used [0x00000000e5980000,0x00000000e5980000,0x00000000e6480000)
 ParOldGen       total 105472K, used 15365K [0x00000000a0000000, 0x00000000a6700000, 0x00000000e0000000)
  object space 105472K, 14% used [0x00000000a0000000,0x00000000a0f014f8,0x00000000a6700000)
 Metaspace       used 34822K, capacity 35366K, committed 35496K, reserved 1079296K
  class space    used 4658K, capacity 4819K, committed 4864K, reserved 1048576K
}
Event: 17.237 GC heap before
{Heap before GC invocations=12 (full 2):
 PSYoungGen      total 74240K, used 63488K [0x00000000e0000000, 0x00000000e6480000, 0x0000000100000000)
  eden space 63488K, 100% used [0x00000000e0000000,0x00000000e3e00000,0x00000000e3e00000)
  from space 10752K, 0% used [0x00000000e3e00000,0x00000000e3e00000,0x00000000e4880000)
  to   space 11264K, 0% used [0x00000000e5980000,0x00000000e5980000,0x00000000e6480000)
 ParOldGen       total 105472K, used 15365K [0x00000000a0000000, 0x00000000a6700000, 0x00000000e0000000)
  object space 105472K, 14% used [0x00000000a0000000,0x00000000a0f014f8,0x00000000a6700000)
 Metaspace       used 39947K, capacity 40654K, committed 40960K, reserved 1085440K
  class space    used 5400K, capacity 5610K, committed 5632K, reserved 1048576K
Event: 17.256 GC heap after
Heap after GC invocations=12 (full 2):
 PSYoungGen      total 85504K, used 7875K [0x00000000e0000000, 0x00000000e6180000, 0x0000000100000000)
  eden space 77312K, 0% used [0x00000000e0000000,0x00000000e0000000,0x00000000e4b80000)
  from space 8192K, 96% used [0x00000000e5980000,0x00000000e6130fb8,0x00000000e6180000)
  to   space 11264K, 0% used [0x00000000e4b80000,0x00000000e4b80000,0x00000000e5680000)
 ParOldGen       total 105472K, used 15373K [0x00000000a0000000, 0x00000000a6700000, 0x00000000e0000000)
  object space 105472K, 14% used [0x00000000a0000000,0x00000000a0f034f8,0x00000000a6700000)
 Metaspace       used 39947K, capacity 40654K, committed 40960K, reserved 1085440K
  class space    used 5400K, capacity 5610K, committed 5632K, reserved 1048576K
}
Event: 19.844 GC heap before
{Heap before GC invocations=13 (full 2):
 PSYoungGen      total 85504K, used 85187K [0x00000000e0000000, 0x00000000e6180000, 0x0000000100000000)
  eden space 77312K, 100% used [0x00000000e0000000,0x00000000e4b80000,0x00000000e4b80000)
  from space 8192K, 96% used [0x00000000e5980000,0x00000000e6130fb8,0x00000000e6180000)
  to   space 11264K, 0% used [0x00000000e4b80000,0x00000000e4b80000,0x00000000e5680000)
 ParOldGen       total 105472K, used 15373K [0x00000000a0000000, 0x00000000a6700000, 0x00000000e0000000)
  object space 105472K, 14% used [0x00000000a0000000,0x00000000a0f034f8,0x00000000a6700000)
 Metaspace       used 43798K, capacity 44716K, committed 44800K, reserved 1087488K
  class space    used 5831K, capacity 6069K, committed 6144K, reserved 1048576K
Event: 19.868 GC heap after
Heap after GC invocations=13 (full 2):
 PSYoungGen      total 88576K, used 10997K [0x00000000e0000000, 0x00000000e7380000, 0x0000000100000000)
  eden space 77312K, 0% used [0x00000000e0000000,0x00000000e0000000,0x00000000e4b80000)
  from space 11264K, 97% used [0x00000000e4b80000,0x00000000e563d6b8,0x00000000e5680000)
  to   space 12288K, 0% used [0x00000000e6780000,0x00000000e6780000,0x00000000e7380000)
 ParOldGen       total 105472K, used 15381K [0x00000000a0000000, 0x00000000a6700000, 0x00000000e0000000)
  object space 105472K, 14% used [0x00000000a0000000,0x00000000a0f054f8,0x00000000a6700000)
 Metaspace       used 43798K, capacity 44716K, committed 44800K, reserved 1087488K
  class space    used 5831K, capacity 6069K, committed 6144K, reserved 1048576K
}

Deoptimization events (10 events):
Event: 17.716 Thread 0x000000001ac68800 Uncommon trap: reason=unstable_if action=reinterpret pc=0x0000000004d25d4c method=java.util.regex.Pattern$Ctype.isSatisfiedBy(I)Z @ 4
Event: 17.727 Thread 0x000000001ac68800 Uncommon trap: reason=unstable_if action=reinterpret pc=0x0000000004da27e8 method=java.lang.CharacterDataLatin1.digit(II)I @ 31
Event: 17.765 Thread 0x000000001ac68800 Uncommon trap: reason=unstable_if action=reinterpret pc=0x0000000004656e04 method=java.util.regex.Matcher.find()Z @ 34
Event: 19.209 Thread 0x000000001ac68800 Uncommon trap: reason=unstable_if action=reinterpret pc=0x0000000005392294 method=java.util.regex.Pattern.compile()V @ 320
Event: 19.869 Thread 0x0000000017d78800 Uncommon trap: reason=unstable_if action=reinterpret pc=0x000000000486e3b4 method=java.lang.ref.ReferenceQueue.poll()Ljava/lang/ref/Reference; @ 4
Event: 19.926 Thread 0x000000001ac68800 Uncommon trap: reason=class_check action=maybe_recompile pc=0x000000000504bb98 method=com.google.common.collect.AbstractMapBasedMultimap$WrappedCollection.refreshIfEmpty()V @ 59
Event: 19.926 Thread 0x000000001ac68800 Uncommon trap: reason=class_check action=maybe_recompile pc=0x000000000504bb98 method=com.google.common.collect.AbstractMapBasedMultimap$WrappedCollection.refreshIfEmpty()V @ 59
Event: 19.926 Thread 0x000000001ac68800 Uncommon trap: reason=class_check action=maybe_recompile pc=0x000000000504bb98 method=com.google.common.collect.AbstractMapBasedMultimap$WrappedCollection.refreshIfEmpty()V @ 59
Event: 19.926 Thread 0x000000001ac68800 Uncommon trap: reason=class_check action=maybe_recompile pc=0x000000000504bb98 method=com.google.common.collect.AbstractMapBasedMultimap$WrappedCollection.refreshIfEmpty()V @ 59
Event: 20.152 Thread 0x000000001ac68800 Uncommon trap: reason=unstable_if action=reinterpret pc=0x0000000004c6d598 method=java.lang.String.regionMatches(ZILjava/lang/String;II)Z @ 102

Internal exceptions (10 events):
Event: 20.871 Thread 0x000000001ac68800 Exception <a 'java/lang/ClassNotFoundException': com/android/build/gradle/tasks/ProcessAndroidResourcesCustomizer> (0x00000000e17f00e0) thrown at [C:\src\android\AOSP-openjdk\external\jetbrains\jdk\hotspot\src\share\vm\classfile\systemDictionary.cpp, line aV”ƒ‡4@
Event: 20.878 Thread 0x000000001ac68800 Exception <a 'java/lang/ClassNotFoundException': com/android/build/gradle/tasks/ProcessAndroidResources_DecoratedCustomizer> (0x00000000e1864fa0) thrown at [C:\src\android\AOSP-openjdk\external\jetbrains\jdk\hotspot\src\share\vm\classfile\systemDictionary.ºÇ¶—‹(5@
Event: 21.160 Thread 0x000000001ac68800 Exception <a 'java/lang/ClassNotFoundException': com/android/build/gradle/tasks/AidlCompile_DecoratedBeanInfo> (0x00000000e1d484d0) thrown at [C:\src\android\AOSP-openjdk\external\jetbrains\jdk\hotspot\src\share\vm\classfile\systemDictionary.cpp, line 210]1#$Ì)5@
Event: 21.160 Thread 0x000000001ac68800 Exception <a 'java/lang/ClassNotFoundException': com/android/build/gradle/tasks/AidlCompileBeanInfo> (0x00000000e1d59b40) thrown at [C:\src\android\AOSP-openjdk\external\jetbrains\jdk\hotspot\src\share\vm\classfile\systemDictionary.cpp, line 210]
Event: 21.161 Thread 0x000000001ac68800 Exception <a 'java/lang/ClassNotFoundException': com/android/build/gradle/tasks/AidlCompileCustomizer> (0x00000000e1d6bd00) thrown at [C:\src\android\AOSP-openjdk\external\jetbrains\jdk\hotspot\src\share\vm\classfile\systemDictionary.cpp, line 210]
Event: 21.172 Thread 0x000000001ac68800 Exception <a 'java/lang/ClassNotFoundException': com/android/build/gradle/tasks/AidlCompile_DecoratedCustomizer> (0x00000000e1da6d80) thrown at [C:\src\android\AOSP-openjdk\external\jetbrains\jdk\hotspot\src\share\vm\classfile\systemDictionary.cpp, line 21ÿÍ¶ΩüF5@
Event: 21.276 Thread 0x000000001ac68800 Exception <a 'java/lang/ClassNotFoundException': com/android/build/gradle/tasks/NdkCompile_DecoratedBeanInfo> (0x00000000e1f699b0) thrown at [C:\src\android\AOSP-openjdk\external\jetbrains\jdk\hotspot\src\share\vm\classfile\systemDictionary.cpp, line 210]
Event: 21.277 Thread 0x000000001ac68800 Exception <a 'java/lang/ClassNotFoundException': com/android/build/gradle/tasks/NdkCompileBeanInfo> (0x00000000e1f7b000) thrown at [C:\src\android\AOSP-openjdk\external\jetbrains\jdk\hotspot\src\share\vm\classfile\systemDictionary.cpp, line 210]
Event: 21.278 Thread 0x000000001ac68800 Exception <a 'java/lang/ClassNotFoundException': com/android/build/gradle/tasks/NdkCompileCustomizer> (0x00000000e1f8d1b0) thrown at [C:\src\android\AOSP-openjdk\external\jetbrains\jdk\hotspot\src\share\vm\classfile\systemDictionary.cpp, line 210]
Event: 21.281 Thread 0x000000001ac68800 Exception <a 'java/lang/ClassNotFoundException': com/android/build/gradle/tasks/NdkCompile_DecoratedCustomizer> (0x00000000e1fcf050) thrown at [C:\src\android\AOSP-openjdk\external\jetbrains\jdk\hotspot\src\share\vm\classfile\systemDictionary.cpp, line 210Å ﬂ4@

Events (10 events):
Event: 21.366 loading class org/gradle/api/tasks/compile/AbstractOptions
Event: 21.366 loading class org/gradle/api/tasks/compile/AbstractOptions done
Event: 21.368 loading class org/gradle/api/internal/tasks/compile/DefaultJavaCompileSpec
Event: 21.369 loading class org/gradle/api/internal/tasks/compile/DefaultJavaCompileSpec done
Event: 21.369 loading class org/gradle/api/internal/tasks/compile/DefaultJvmLanguageCompileSpec
Event: 21.369 loading class org/gradle/api/internal/tasks/compile/DefaultJvmLanguageCompileSpec done
Event: 21.373 loading class org/gradle/api/internal/tasks/compile/CleaningJavaCompiler
Event: 21.373 loading class org/gradle/api/internal/tasks/compile/CleaningJavaCompiler done
Event: 21.375 loading class org/gradle/api/internal/tasks/compile/CleaningJavaCompilerSupport
Event: 21.375 loading class org/gradle/api/internal/tasks/compile/CleaningJavaCompilerSupport done


Dynamic libraries:
0x00007ff661190000 - 0x00007ff6611c1000 	C:\Program Files\Android\Android Studio\jre\bin\java.exe
0x00007ffd41940000 - 0x00007ffd41b20000 	C:\WINDOWS\SYSTEM32\ntdll.dll
0x00007ffd1c710000 - 0x00007ffd1c744000 	C:\Program Files (x86)\AVG\Antivirus\x64\aswhooka.dll
0x00007ffd3f0a0000 - 0x00007ffd3f14e000 	C:\WINDOWS\System32\KERNEL32.DLL
0x00007ffd3e9b0000 - 0x00007ffd3ec16000 	C:\WINDOWS\System32\KERNELBASE.dll
0x00007ffd3ef20000 - 0x00007ffd3efc1000 	C:\WINDOWS\System32\ADVAPI32.dll
0x00007ffd40f90000 - 0x00007ffd4102d000 	C:\WINDOWS\System32\msvcrt.dll
0x00007ffd3ee10000 - 0x00007ffd3ee6b000 	C:\WINDOWS\System32\sechost.dll
0x00007ffd40c70000 - 0x00007ffd40d8f000 	C:\WINDOWS\System32\RPCRT4.dll
0x00007ffd41310000 - 0x00007ffd4149f000 	C:\WINDOWS\System32\USER32.dll
0x00007ffd3dfc0000 - 0x00007ffd3dfe0000 	C:\WINDOWS\System32\win32u.dll
0x00007ffd40d90000 - 0x00007ffd40db8000 	C:\WINDOWS\System32\GDI32.dll
0x00007ffd3e810000 - 0x00007ffd3e9a3000 	C:\WINDOWS\System32\gdi32full.dll
0x00007ffd3ed70000 - 0x00007ffd3ee0b000 	C:\WINDOWS\System32\msvcp_win.dll
0x00007ffd3ec20000 - 0x00007ffd3ed16000 	C:\WINDOWS\System32\ucrtbase.dll
0x00007ffd35110000 - 0x00007ffd35379000 	C:\WINDOWS\WinSxS\amd64_microsoft.windows.common-controls_6595b64144ccf1df_6.0.16299.309_none_15cfd4c4935e6b11\COMCTL32.dll
0x00007ffd3f3b0000 - 0x00007ffd3f6b8000 	C:\WINDOWS\System32\combase.dll
0x00007ffd3e040000 - 0x00007ffd3e0b2000 	C:\WINDOWS\System32\bcryptPrimitives.dll
0x00007ffd41110000 - 0x00007ffd4113d000 	C:\WINDOWS\System32\IMM32.DLL
0x000000006c940000 - 0x000000006ca12000 	C:\Program Files\Android\Android Studio\jre\jre\bin\msvcr100.dll
0x000000006b880000 - 0x000000006c0bc000 	C:\Program Files\Android\Android Studio\jre\jre\bin\server\jvm.dll
0x00007ffd41900000 - 0x00007ffd41908000 	C:\WINDOWS\System32\PSAPI.DLL
0x00007ffd2e190000 - 0x00007ffd2e199000 	C:\WINDOWS\SYSTEM32\WSOCK32.dll
0x00007ffd3f2a0000 - 0x00007ffd3f30c000 	C:\WINDOWS\System32\WS2_32.dll
0x00007ffd3bff0000 - 0x00007ffd3c013000 	C:\WINDOWS\SYSTEM32\WINMM.dll
0x00007ffd35820000 - 0x00007ffd3582a000 	C:\WINDOWS\SYSTEM32\VERSION.dll
0x00007ffd3bfc0000 - 0x00007ffd3bfea000 	C:\WINDOWS\SYSTEM32\WINMMBASE.dll
0x00007ffd3ed20000 - 0x00007ffd3ed6a000 	C:\WINDOWS\System32\cfgmgr32.dll
0x00007ffd3aa00000 - 0x00007ffd3aa0f000 	C:\Program Files\Android\Android Studio\jre\jre\bin\verify.dll
0x00007ffd15120000 - 0x00007ffd15149000 	C:\Program Files\Android\Android Studio\jre\jre\bin\java.dll
0x00007ffd14be0000 - 0x00007ffd14bf6000 	C:\Program Files\Android\Android Studio\jre\jre\bin\zip.dll
0x00007ffd3f6c0000 - 0x00007ffd40af6000 	C:\WINDOWS\System32\SHELL32.dll
0x00007ffd3ee70000 - 0x00007ffd3ef16000 	C:\WINDOWS\System32\shcore.dll
0x00007ffd3e0c0000 - 0x00007ffd3e807000 	C:\WINDOWS\System32\windows.storage.dll
0x00007ffd40dc0000 - 0x00007ffd40e11000 	C:\WINDOWS\System32\shlwapi.dll
0x00007ffd3dcb0000 - 0x00007ffd3dcc1000 	C:\WINDOWS\System32\kernel.appcore.dll
0x00007ffd3dcf0000 - 0x00007ffd3dd3c000 	C:\WINDOWS\System32\powrprof.dll
0x00007ffd3dc90000 - 0x00007ffd3dcab000 	C:\WINDOWS\System32\profapi.dll
0x00007ffd139e0000 - 0x00007ffd139fa000 	C:\Program Files\Android\Android Studio\jre\jre\bin\net.dll
0x00007ffd3d520000 - 0x00007ffd3d586000 	C:\WINDOWS\system32\mswsock.dll
0x00007ffd12a60000 - 0x00007ffd12a71000 	C:\Program Files\Android\Android Studio\jre\jre\bin\nio.dll
0x00007ffd15c20000 - 0x00007ffd15c3e000 	C:\Users\user\.gradle\native\23\windows-amd64\native-platform.dll
0x00007ffd3d6e0000 - 0x00007ffd3d6f7000 	C:\WINDOWS\SYSTEM32\CRYPTSP.dll
0x00007ffd3d120000 - 0x00007ffd3d153000 	C:\WINDOWS\system32\rsaenh.dll
0x00007ffd3d7f0000 - 0x00007ffd3d815000 	C:\WINDOWS\SYSTEM32\bcrypt.dll
0x00007ffd3db90000 - 0x00007ffd3dbb9000 	C:\WINDOWS\SYSTEM32\USERENV.dll
0x00007ffd3d700000 - 0x00007ffd3d70b000 	C:\WINDOWS\SYSTEM32\CRYPTBASE.dll
0x00007ffd3d2b0000 - 0x00007ffd3d2e9000 	C:\WINDOWS\SYSTEM32\IPHLPAPI.DLL
0x00007ffd41160000 - 0x00007ffd41168000 	C:\WINDOWS\System32\NSI.dll
0x00007ffd344d0000 - 0x00007ffd344e6000 	C:\WINDOWS\SYSTEM32\dhcpcsvc6.DLL
0x00007ffd345b0000 - 0x00007ffd345ca000 	C:\WINDOWS\SYSTEM32\dhcpcsvc.DLL
0x00007ffd2ef50000 - 0x00007ffd2ef5d000 	C:\Program Files\Android\Android Studio\jre\jre\bin\management.dll

VM Arguments:
jvm_args: -Xmx1536m -Dfile.encoding=windows-1253 -Duser.country=GR -Duser.language=el -Duser.variant 
java_command: org.gradle.launcher.daemon.bootstrap.GradleDaemon 3.3
java_class_path (initial): C:\Users\user\.gradle\wrapper\dists\gradle-3.3-all\55gk2rcmfc6p2dg9u9ohc3hw9\gradle-3.3\lib\gradle-launcher-3.3.jar
Launcher Type: SUN_STANDARD

Environment Variables:
JAVA_HOME=C:\Program Files\Java\jre7
PATH=C:\ProgramData\Oracle\Java\javapath;C:\Program Files\Common Files\Microsoft Shared\Windows Live;C:\Program Files (x86)\Common Files\Microsoft Shared\Windows Live;C:\WINDOWS\system32;C:\WINDOWS;C:\WINDOWS\System32\Wbem;C:\WINDOWS\System32\WindowsPowerShell\v1.0\;C:\Program Files (x86)\Toshiba\Bluetooth Toshiba Stack\sys\;C:\Program Files (x86)\Toshiba\Bluetooth Toshiba Stack\sys\x64\;C:\Program Files (x86)\Windows Live\Shared;C:\Program Files (x86)\Skype\Phone\;C:\Program Files (x86)\IVI Foundation\VISA\WinNT\Bin;C:\Users\user\AppData\Local\Microsoft\WindowsApps;
USERNAME=user
OS=Windows_NT
PROCESSOR_IDENTIFIER=Intel64 Family 6 Model 37 Stepping 2, GenuineIntel



---------------  S Y S T E M  ---------------

OS: Windows 10.0 , 64 bit Build 16299 (10.0.16299.15)

CPU:total 4 (2 cores per cpu, 2 threads per core) family 6 model 37 stepping 2, cmov, cx8, fxsr, mmx, sse, sse2, sse3, ssse3, sse4.1, sse4.2, popcnt, ht, tsc, tscinvbit

Memory: 4k page, physical 8244812k(1027844k free), swap 10292812k(5732k free)

vm_info: OpenJDK 64-Bit Server VM (25.112-b06) for windows-amd64 JRE (1.8.0_112-release-b06), built on Dec  8 2016 00:54:26 by "builder" with MS VC++ 10.0 (VS2010)

time: Mon Apr 09 18:57:04 2018
elapsed time: 21 seconds (0d 0h 0m 21s)

